<?xml version="1.0" encoding="UTF-8"?>
<!-- Generated by org.testng.reporters.JUnitXMLReporter -->
<testsuite hostname="HP840G2-2130" ignored="0" name="Gmail SignIN" tests="1" failures="1" timestamp="23 Feb 2018 16:27:30 GMT" time="12.812" errors="0">
  <testcase name="gsignIN" time="12.25" classname="BusinessScripts.gmailSignIN">
    <failure type="java.lang.NoClassDefFoundError" message="org/apache/commons/collections4/ListValuedMap">
      <![CDATA[java.lang.NoClassDefFoundError: org/apache/commons/collections4/ListValuedMap
	at Utilities.ExcelReader.getCellData(ExcelReader.java:33)
	at PageObjects.gmail.<init>(gmail.java:20)
	at BusinessScripts.gmailSignIN.gsignIN(gmailSignIN.java:24)
Caused by: java.lang.ClassNotFoundException: org.apache.commons.collections4.ListValuedMap
	at java.net.URLClassLoader.findClass(URLClassLoader.java:381)
	at java.lang.ClassLoader.loadClass(ClassLoader.java:424)
	at sun.misc.Launcher$AppClassLoader.loadClass(Launcher.java:331)
	at java.lang.ClassLoader.loadClass(ClassLoader.java:357)
	... 32 more
... Removed 29 stack frames]]>
    </failure>
  </testcase> <!-- gsignIN -->
</testsuite> <!-- Gmail SignIN -->
