<?xml version="1.0" encoding="UTF-8"?>
<testng-results skipped="0" failed="1" total="1" passed="0">
  <reporter-output>
  </reporter-output>
  <suite name="Default suite" duration-ms="10143" started-at="2018-09-20T02:25:23Z" finished-at="2018-09-20T02:25:34Z">
    <groups>
    </groups>
    <test name="Default test" duration-ms="10143" started-at="2018-09-20T02:25:23Z" finished-at="2018-09-20T02:25:34Z">
      <class name="BusinessScripts.gitSignUP">
        <test-method status="PASS" signature="startBrowser()[pri:0, instance:BusinessScripts.gitSignUP@3bfdc050]" name="startBrowser" is-config="true" duration-ms="9369" started-at="2018-09-20T07:55:23Z" finished-at="2018-09-20T07:55:33Z">
          <reporter-output>
          </reporter-output>
        </test-method> <!-- startBrowser -->
        <test-method status="FAIL" signature="gitHubUserRegistration()[pri:0, instance:BusinessScripts.gitSignUP@3bfdc050]" name="gitHubUserRegistration" duration-ms="439" started-at="2018-09-20T07:55:33Z" finished-at="2018-09-20T07:55:33Z">
          <exception class="java.lang.NoSuchMethodError">
            <message>
              <![CDATA[org.apache.poi.util.POILogger.log(ILjava/lang/Object;)V]]>
            </message>
            <full-stacktrace>
              <![CDATA[java.lang.NoSuchMethodError: org.apache.poi.util.POILogger.log(ILjava/lang/Object;)V
	at org.apache.poi.openxml4j.opc.PackageRelationshipCollection.parseRelationshipsPart(PackageRelationshipCollection.java:304)
	at org.apache.poi.openxml4j.opc.PackageRelationshipCollection.<init>(PackageRelationshipCollection.java:156)
	at org.apache.poi.openxml4j.opc.PackageRelationshipCollection.<init>(PackageRelationshipCollection.java:124)
	at org.apache.poi.openxml4j.opc.PackagePart.loadRelationships(PackagePart.java:559)
	at org.apache.poi.openxml4j.opc.PackagePart.<init>(PackagePart.java:112)
	at org.apache.poi.openxml4j.opc.PackagePart.<init>(PackagePart.java:83)
	at org.apache.poi.openxml4j.opc.PackagePart.<init>(PackagePart.java:128)
	at org.apache.poi.openxml4j.opc.ZipPackagePart.<init>(ZipPackagePart.java:78)
	at org.apache.poi.openxml4j.opc.ZipPackage.getPartsImpl(ZipPackage.java:218)
	at org.apache.poi.openxml4j.opc.OPCPackage.getParts(OPCPackage.java:662)
	at org.apache.poi.openxml4j.opc.OPCPackage.open(OPCPackage.java:269)
	at org.apache.poi.util.PackageHelper.open(PackageHelper.java:39)
	at org.apache.poi.xssf.usermodel.XSSFWorkbook.<init>(XSSFWorkbook.java:204)
	at Utilities.ExcelReader.getCellData(ExcelReader.java:35)
	at PageObjects.Git.gitSignUp(Git.java:28)
	at BusinessScripts.gitSignUP.gitHubUserRegistration(gitSignUP.java:24)
	at sun.reflect.NativeMethodAccessorImpl.invoke0(Native Method)
	at sun.reflect.NativeMethodAccessorImpl.invoke(Unknown Source)
	at sun.reflect.DelegatingMethodAccessorImpl.invoke(Unknown Source)
	at java.lang.reflect.Method.invoke(Unknown Source)
	at org.testng.internal.MethodInvocationHelper.invokeMethod(MethodInvocationHelper.java:80)
	at org.testng.internal.Invoker.invokeMethod(Invoker.java:714)
	at org.testng.internal.Invoker.invokeTestMethod(Invoker.java:901)
	at org.testng.internal.Invoker.invokeTestMethods(Invoker.java:1231)
	at org.testng.internal.TestMethodWorker.invokeTestMethods(TestMethodWorker.java:127)
	at org.testng.internal.TestMethodWorker.run(TestMethodWorker.java:111)
	at org.testng.TestRunner.privateRun(TestRunner.java:767)
	at org.testng.TestRunner.run(TestRunner.java:617)
	at org.testng.SuiteRunner.runTest(SuiteRunner.java:334)
	at org.testng.SuiteRunner.runSequentially(SuiteRunner.java:329)
	at org.testng.SuiteRunner.privateRun(SuiteRunner.java:291)
	at org.testng.SuiteRunner.run(SuiteRunner.java:240)
	at org.testng.SuiteRunnerWorker.runSuite(SuiteRunnerWorker.java:52)
	at org.testng.SuiteRunnerWorker.run(SuiteRunnerWorker.java:86)
	at org.testng.TestNG.runSuitesSequentially(TestNG.java:1198)
	at org.testng.TestNG.runSuitesLocally(TestNG.java:1123)
	at org.testng.TestNG.run(TestNG.java:1031)
	at org.testng.remote.AbstractRemoteTestNG.run(AbstractRemoteTestNG.java:114)
	at org.testng.remote.RemoteTestNG.initAndRun(RemoteTestNG.java:251)
	at org.testng.remote.RemoteTestNG.main(RemoteTestNG.java:77)
]]>
            </full-stacktrace>
          </exception> <!-- java.lang.NoSuchMethodError -->
          <reporter-output>
          </reporter-output>
        </test-method> <!-- gitHubUserRegistration -->
        <test-method status="PASS" signature="closeBroswe()[pri:0, instance:BusinessScripts.gitSignUP@3bfdc050]" name="closeBroswe" is-config="true" duration-ms="295" started-at="2018-09-20T07:55:33Z" finished-at="2018-09-20T07:55:34Z">
          <reporter-output>
          </reporter-output>
        </test-method> <!-- closeBroswe -->
      </class> <!-- BusinessScripts.gitSignUP -->
    </test> <!-- Default test -->
  </suite> <!-- Default suite -->
</testng-results>
