<?xml version="1.0" encoding="UTF-8"?>
<!-- Generated by org.testng.reporters.JUnitXMLReporter -->
<testsuite hostname="HP840G2-2130" ignored="0" name="PObyt method" tests="1" failures="1" timestamp="21 Feb 2018 17:11:03 GMT" time="7.15" errors="0">
  <testcase name="psignIN" time="6.766" classname="BusinessScripts.pobytSignIN">
    <failure type="java.lang.AssertionError" message="null">
      <![CDATA[java.lang.AssertionError: null
	at BusinessScripts.pobytSignIN.psignIN(pobytSignIN.java:37)
... Removed 27 stack frames]]>
    </failure>
  </testcase> <!-- psignIN -->
</testsuite> <!-- PObyt method -->
